<?xml version="1.0" encoding="UTF-8"?>
<testsuite name="ChromeTest"
           tests="4"
           failures="0"
           errors="0"
           skipped="0"
           time="39.694">
    <properties></properties>



            <testcase
                name="tc0016_ApplyDiscountCodeTest"
                time="18.201"
                classname="com.alexnova.nidhishah.tests.CheckoutTests">
            </testcase>
            <testcase
                name="tc0018_CCMandatoryFieldValidation"
                time="3.185"
                classname="com.alexnova.nidhishah.tests.CheckoutTests">
            </testcase>
            <testcase
                name="tc0017_PaymentModeCheck"
                time="13.766"
                classname="com.alexnova.nidhishah.tests.CheckoutTests">
            </testcase>
            <testcase
                name="tc0019_SuccessfulCheckoutTest"
                time="4.542"
                classname="com.alexnova.nidhishah.tests.CheckoutTests">
            </testcase>
</testsuite>
