<?xml version="1.0" encoding="UTF-8"?>
<testsuite name="ChromeTest"
           tests="4"
           failures="0"
           errors="0"
           skipped="0"
           time="91.516">
    <properties></properties>



            <testcase
                name="tc0018_CCMandatoryFieldValidation"
                time="5.480"
                classname="com.alexnova.nidhishah.tests.CheckoutTests">
            </testcase>
            <testcase
                name="tc0019_SuccessfulCheckoutTest"
                time="16.395"
                classname="com.alexnova.nidhishah.tests.CheckoutTests">
            </testcase>
            <testcase
                name="tc0016_ApplyDiscountCodeTest"
                time="43.448"
                classname="com.alexnova.nidhishah.tests.CheckoutTests">
            </testcase>
            <testcase
                name="tc0017_PaymentModeCheck"
                time="26.193"
                classname="com.alexnova.nidhishah.tests.CheckoutTests">
            </testcase>
</testsuite>
