<?xml version="1.0" encoding="UTF-8"?>
<testsuite name="ChromeTest"
           tests="2"
           failures="0"
           errors="0"
           skipped="0"
           time="6.867">
    <properties></properties>



            <testcase
                name="tc0008_SearchBoxPositiveTest"
                time="3.663"
                classname="com.alexnova.nidhishah.tests.SearchPageTests">
            </testcase>
            <testcase
                name="tc0009_SearchBoxEmptyTest"
                time="3.204"
                classname="com.alexnova.nidhishah.tests.SearchPageTests">
            </testcase>
</testsuite>
